<?xml version="1.0" encoding="UTF-8"?>
<!-- Generated by org.testng.reporters.JUnitReportReporter -->
<testsuite hostname="Home-Ubuntu" name="ru.greg3d.calc.yandexRuCalcTest" tests="8" failures="1" timestamp="13 Mar 2016 08:28:29 GMT" time="8.870" errors="0">
  <testcase name="testCalc_inputArgsByTypingText_testValidData" time="0.660" classname="ru.greg3d.calc.yandexRuCalcTest"/>
  <testcase name="testCalc_inputArgsByCopyPast_testInValidData" time="0.719" classname="ru.greg3d.calc.yandexRuCalcTest"/>
  <testcase name="testCalc_inputArgsByClickButtons_testValidData" time="1.171" classname="ru.greg3d.calc.yandexRuCalcTest"/>
  <testcase name="testCalc_inputArgsByTypingText_testValidData" time="0.925" classname="ru.greg3d.calc.yandexRuCalcTest"/>
  <testcase name="testCalc_inputArgsByClickButtons_testValidData" time="1.598" classname="ru.greg3d.calc.yandexRuCalcTest">
    <failure type="java.lang.AssertionError" message="Sequence of clicks :click(&#039;1&#039;)-&gt;click(&#039;,&#039;)-&gt;click(&#039;5&#039;)-&gt;click(&#039;×&#039;)-&gt;click(&#039;1&#039;)-&gt;click(&#039;0&#039;)-&gt;click(&#039;0&#039;)-&gt; expected [_150] but found [150]">
      <![CDATA[java.lang.AssertionError: Sequence of clicks :click('1')->click(',')->click('5')->click('×')->click('1')->click('0')->click('0')-> expected [_150] but found [150]
	at org.testng.Assert.fail(Assert.java:94)
	at org.testng.Assert.failNotEquals(Assert.java:513)
	at org.testng.Assert.assertEqualsImpl(Assert.java:135)
	at org.testng.Assert.assertEquals(Assert.java:116)
	at org.testng.Assert.assertEquals(Assert.java:190)
	at ru.greg3d.calc.yandexRuCalcTest.testCalc_inputArgsByClickButtons_testValidData(yandexRuCalcTest.java:77)
	at sun.reflect.NativeMethodAccessorImpl.invoke0(Native Method)
	at sun.reflect.NativeMethodAccessorImpl.invoke(NativeMethodAccessorImpl.java:62)
	at sun.reflect.DelegatingMethodAccessorImpl.invoke(DelegatingMethodAccessorImpl.java:43)
	at java.lang.reflect.Method.invoke(Method.java:498)
	at org.testng.internal.MethodInvocationHelper.invokeMethod(MethodInvocationHelper.java:86)
	at org.testng.internal.Invoker.invokeMethod(Invoker.java:643)
	at org.testng.internal.Invoker.invokeTestMethod(Invoker.java:820)
	at org.testng.internal.Invoker.invokeTestMethods(Invoker.java:1128)
	at org.testng.internal.TestMethodWorker.invokeTestMethods(TestMethodWorker.java:129)
	at org.testng.internal.TestMethodWorker.run(TestMethodWorker.java:112)
	at org.testng.TestRunner.privateRun(TestRunner.java:782)
	at org.testng.TestRunner.run(TestRunner.java:632)
	at org.testng.SuiteRunner.runTest(SuiteRunner.java:366)
	at org.testng.SuiteRunner.runSequentially(SuiteRunner.java:361)
	at org.testng.SuiteRunner.privateRun(SuiteRunner.java:319)
	at org.testng.SuiteRunner.run(SuiteRunner.java:268)
	at org.testng.SuiteRunnerWorker.runSuite(SuiteRunnerWorker.java:52)
	at org.testng.SuiteRunnerWorker.run(SuiteRunnerWorker.java:86)
	at org.testng.TestNG.runSuitesSequentially(TestNG.java:1244)
	at org.testng.TestNG.runSuitesLocally(TestNG.java:1169)
	at org.testng.TestNG.run(TestNG.java:1064)
	at org.testng.remote.RemoteTestNG.run(RemoteTestNG.java:113)
	at org.testng.remote.RemoteTestNG.initAndRun(RemoteTestNG.java:206)
	at org.testng.remote.RemoteTestNG.main(RemoteTestNG.java:177)
]]>
    </failure>
  </testcase> <!-- testCalc_inputArgsByClickButtons_testValidData -->
  <testcase name="testCalc_inputArgsByCopyPast_testInValidData" time="1.951" classname="ru.greg3d.calc.yandexRuCalcTest"/>
  <testcase name="testCalc_inputArgsByClickButtons_testValidData" time="1.226" classname="ru.greg3d.calc.yandexRuCalcTest"/>
  <testcase name="testCalc_inputArgsByCopyPast_testValidData" time="0.620" classname="ru.greg3d.calc.yandexRuCalcTest"/>
</testsuite> <!-- ru.greg3d.calc.yandexRuCalcTest -->
